<?xml version="1.0" encoding="UTF-8"?>
<!-- Generated by org.testng.reporters.JUnitXMLReporter -->
<testsuite ignored="0" hostname="DESKTOP-NQ2L7NS" failures="0" tests="3" name="ChromeBrowser" time="33.615" errors="0" timestamp="16 Nov 2023 07:36:34 GMT">
  <testcase classname="DataDriven.Signup" name="normal" time="2.537"/>
  <testcase classname="DataDriven.Signup" name="normal" time="2.589"/>
  <testcase classname="DataDriven.Signup" name="normal" time="2.551"/>
</testsuite> <!-- ChromeBrowser -->
