<?xml version="1.0" encoding="UTF-8"?>
<!-- Generated by org.testng.reporters.JUnitXMLReporter -->
<testsuite ignored="0" hostname="DESKTOP-NQ2L7NS" failures="0" tests="3" name="ChromeBrowser" time="53.016" errors="0" timestamp="17 Nov 2023 06:24:47 GMT">
  <testcase classname="DataDriven.login" name="logIn" time="7.609"/>
  <testcase classname="DataDriven.login" name="logIn" time="13.969"/>
  <testcase classname="DataDriven.login" name="logIn" time="6.794"/>
</testsuite> <!-- ChromeBrowser -->
