<?xml version="1.0" encoding="UTF-8"?>
<!-- Generated by org.testng.reporters.JUnitXMLReporter -->
<testsuite ignored="0" hostname="DESKTOP-NQ2L7NS" failures="0" tests="3" name="FirefoxBrowser" time="63.975" errors="0" timestamp="17 Nov 2023 06:25:51 GMT">
  <testcase classname="DataDriven.login" name="logIn" time="7.268"/>
  <testcase classname="DataDriven.login" name="logIn" time="13.664"/>
  <testcase classname="DataDriven.login" name="logIn" time="6.56"/>
</testsuite> <!-- FirefoxBrowser -->
