<?xml version="1.0" encoding="UTF-8"?>
<!-- Generated by org.testng.reporters.JUnitXMLReporter -->
<testsuite ignored="0" hostname="DESKTOP-NQ2L7NS" failures="0" tests="3" name="FirefoxBrowser" time="46.493" errors="0" timestamp="16 Nov 2023 07:36:47 GMT">
  <testcase classname="DataDriven.Signup" name="normal" time="5.168"/>
  <testcase classname="DataDriven.Signup" name="normal" time="3.969"/>
  <testcase classname="DataDriven.Signup" name="normal" time="2.814"/>
</testsuite> <!-- FirefoxBrowser -->
