<?xml version="1.0" encoding="UTF-8"?>
<testng-results ignored="0" total="9" passed="9" failed="0" skipped="0">
  <reporter-output>
  </reporter-output>
  <suite started-at="2023-11-17T06:23:54Z" name="Suite" finished-at="2023-11-17T06:26:39Z" duration-ms="165170">
    <groups>
    </groups>
    <test started-at="2023-11-17T06:23:54Z" name="ChromeBrowser" finished-at="2023-11-17T06:24:47Z" duration-ms="53016">
      <class name="DataDriven.login">
        <test-method is-config="true" signature="openbrowser(java.lang.String)[pri:0, instance:DataDriven.login@12359a82]" started-at="2023-11-17T06:23:55Z" name="openbrowser" finished-at="2023-11-17T06:24:03Z" duration-ms="7490" status="PASS">
          <params>
            <param index="0">
              <value>
                <![CDATA[chrome]]>
              </value>
            </param>
          </params>
          <reporter-output>
          </reporter-output>
        </test-method> <!-- openbrowser -->
        <test-method signature="logIn(java.lang.String, java.lang.String)[pri:0, instance:DataDriven.login@12359a82]" started-at="2023-11-17T06:24:03Z" name="logIn" data-provider="Yash" finished-at="2023-11-17T06:24:10Z" duration-ms="7609" status="PASS">
          <params>
            <param index="0">
              <value>
                <![CDATA[yashwanth@gmail.com]]>
              </value>
            </param>
            <param index="1">
              <value>
                <![CDATA[Yashwanth@123]]>
              </value>
            </param>
          </params>
          <reporter-output>
          </reporter-output>
        </test-method> <!-- logIn -->
        <test-method is-config="true" signature="closebrowser()[pri:0, instance:DataDriven.login@12359a82]" started-at="2023-11-17T06:24:10Z" name="closebrowser" finished-at="2023-11-17T06:24:13Z" duration-ms="2258" status="PASS">
          <reporter-output>
          </reporter-output>
        </test-method> <!-- closebrowser -->
        <test-method is-config="true" signature="openbrowser(java.lang.String)[pri:0, instance:DataDriven.login@12359a82]" started-at="2023-11-17T06:24:13Z" name="openbrowser" finished-at="2023-11-17T06:24:17Z" duration-ms="4487" status="PASS">
          <params>
            <param index="0">
              <value>
                <![CDATA[chrome]]>
              </value>
            </param>
          </params>
          <reporter-output>
          </reporter-output>
        </test-method> <!-- openbrowser -->
        <test-method signature="logIn(java.lang.String, java.lang.String)[pri:0, instance:DataDriven.login@12359a82]" started-at="2023-11-17T06:24:17Z" name="logIn" data-provider="Yash" finished-at="2023-11-17T06:24:31Z" duration-ms="13969" status="PASS">
          <params>
            <param index="0">
              <value>
                <![CDATA[karthi@gmail.com]]>
              </value>
            </param>
            <param index="1">
              <value>
                <![CDATA[Karthi@126]]>
              </value>
            </param>
          </params>
          <reporter-output>
          </reporter-output>
        </test-method> <!-- logIn -->
        <test-method is-config="true" signature="closebrowser()[pri:0, instance:DataDriven.login@12359a82]" started-at="2023-11-17T06:24:31Z" name="closebrowser" finished-at="2023-11-17T06:24:33Z" duration-ms="2225" status="PASS">
          <reporter-output>
          </reporter-output>
        </test-method> <!-- closebrowser -->
        <test-method is-config="true" signature="openbrowser(java.lang.String)[pri:0, instance:DataDriven.login@12359a82]" started-at="2023-11-17T06:24:33Z" name="openbrowser" finished-at="2023-11-17T06:24:38Z" duration-ms="4514" status="PASS">
          <params>
            <param index="0">
              <value>
                <![CDATA[chrome]]>
              </value>
            </param>
          </params>
          <reporter-output>
          </reporter-output>
        </test-method> <!-- openbrowser -->
        <test-method signature="logIn(java.lang.String, java.lang.String)[pri:0, instance:DataDriven.login@12359a82]" started-at="2023-11-17T06:24:38Z" name="logIn" data-provider="Yash" finished-at="2023-11-17T06:24:45Z" duration-ms="6794" status="PASS">
          <params>
            <param index="0">
              <value>
                <![CDATA[puni@gmail.com]]>
              </value>
            </param>
            <param index="1">
              <value>
                <![CDATA[Puni@123]]>
              </value>
            </param>
          </params>
          <reporter-output>
          </reporter-output>
        </test-method> <!-- logIn -->
        <test-method is-config="true" signature="closebrowser()[pri:0, instance:DataDriven.login@12359a82]" started-at="2023-11-17T06:24:45Z" name="closebrowser" finished-at="2023-11-17T06:24:47Z" duration-ms="2235" status="PASS">
          <reporter-output>
          </reporter-output>
        </test-method> <!-- closebrowser -->
      </class> <!-- DataDriven.login -->
    </test> <!-- ChromeBrowser -->
    <test started-at="2023-11-17T06:24:47Z" name="FirefoxBrowser" finished-at="2023-11-17T06:25:51Z" duration-ms="63975">
      <class name="DataDriven.login">
        <test-method is-config="true" signature="openbrowser(java.lang.String)[pri:0, instance:DataDriven.login@67545b57]" started-at="2023-11-17T06:24:47Z" name="openbrowser" finished-at="2023-11-17T06:24:56Z" duration-ms="9026" status="PASS">
          <params>
            <param index="0">
              <value>
                <![CDATA[firefox]]>
              </value>
            </param>
          </params>
          <reporter-output>
          </reporter-output>
        </test-method> <!-- openbrowser -->
        <test-method signature="logIn(java.lang.String, java.lang.String)[pri:0, instance:DataDriven.login@67545b57]" started-at="2023-11-17T06:24:56Z" name="logIn" data-provider="Yash" finished-at="2023-11-17T06:25:03Z" duration-ms="7268" status="PASS">
          <params>
            <param index="0">
              <value>
                <![CDATA[yashwanth@gmail.com]]>
              </value>
            </param>
            <param index="1">
              <value>
                <![CDATA[Yashwanth@123]]>
              </value>
            </param>
          </params>
          <reporter-output>
          </reporter-output>
        </test-method> <!-- logIn -->
        <test-method is-config="true" signature="closebrowser()[pri:0, instance:DataDriven.login@67545b57]" started-at="2023-11-17T06:25:03Z" name="closebrowser" finished-at="2023-11-17T06:25:07Z" duration-ms="3667" status="PASS">
          <reporter-output>
          </reporter-output>
        </test-method> <!-- closebrowser -->
        <test-method is-config="true" signature="openbrowser(java.lang.String)[pri:0, instance:DataDriven.login@67545b57]" started-at="2023-11-17T06:25:07Z" name="openbrowser" finished-at="2023-11-17T06:25:15Z" duration-ms="8652" status="PASS">
          <params>
            <param index="0">
              <value>
                <![CDATA[firefox]]>
              </value>
            </param>
          </params>
          <reporter-output>
          </reporter-output>
        </test-method> <!-- openbrowser -->
        <test-method signature="logIn(java.lang.String, java.lang.String)[pri:0, instance:DataDriven.login@67545b57]" started-at="2023-11-17T06:25:15Z" name="logIn" data-provider="Yash" finished-at="2023-11-17T06:25:29Z" duration-ms="13664" status="PASS">
          <params>
            <param index="0">
              <value>
                <![CDATA[karthi@gmail.com]]>
              </value>
            </param>
            <param index="1">
              <value>
                <![CDATA[Karthi@126]]>
              </value>
            </param>
          </params>
          <reporter-output>
          </reporter-output>
        </test-method> <!-- logIn -->
        <test-method is-config="true" signature="closebrowser()[pri:0, instance:DataDriven.login@67545b57]" started-at="2023-11-17T06:25:29Z" name="closebrowser" finished-at="2023-11-17T06:25:33Z" duration-ms="3624" status="PASS">
          <reporter-output>
          </reporter-output>
        </test-method> <!-- closebrowser -->
        <test-method is-config="true" signature="openbrowser(java.lang.String)[pri:0, instance:DataDriven.login@67545b57]" started-at="2023-11-17T06:25:33Z" name="openbrowser" finished-at="2023-11-17T06:25:40Z" duration-ms="7718" status="PASS">
          <params>
            <param index="0">
              <value>
                <![CDATA[firefox]]>
              </value>
            </param>
          </params>
          <reporter-output>
          </reporter-output>
        </test-method> <!-- openbrowser -->
        <test-method signature="logIn(java.lang.String, java.lang.String)[pri:0, instance:DataDriven.login@67545b57]" started-at="2023-11-17T06:25:40Z" name="logIn" data-provider="Yash" finished-at="2023-11-17T06:25:47Z" duration-ms="6560" status="PASS">
          <params>
            <param index="0">
              <value>
                <![CDATA[puni@gmail.com]]>
              </value>
            </param>
            <param index="1">
              <value>
                <![CDATA[Puni@123]]>
              </value>
            </param>
          </params>
          <reporter-output>
          </reporter-output>
        </test-method> <!-- logIn -->
        <test-method is-config="true" signature="closebrowser()[pri:0, instance:DataDriven.login@67545b57]" started-at="2023-11-17T06:25:47Z" name="closebrowser" finished-at="2023-11-17T06:25:51Z" duration-ms="3742" status="PASS">
          <reporter-output>
          </reporter-output>
        </test-method> <!-- closebrowser -->
      </class> <!-- DataDriven.login -->
    </test> <!-- FirefoxBrowser -->
    <test started-at="2023-11-17T06:25:51Z" name="EdgeBrowser" finished-at="2023-11-17T06:26:39Z" duration-ms="48151">
      <class name="DataDriven.login">
        <test-method is-config="true" signature="openbrowser(java.lang.String)[pri:0, instance:DataDriven.login@4716be8b]" started-at="2023-11-17T06:25:51Z" name="openbrowser" finished-at="2023-11-17T06:25:56Z" duration-ms="4740" status="PASS">
          <params>
            <param index="0">
              <value>
                <![CDATA[edge]]>
              </value>
            </param>
          </params>
          <reporter-output>
          </reporter-output>
        </test-method> <!-- openbrowser -->
        <test-method signature="logIn(java.lang.String, java.lang.String)[pri:0, instance:DataDriven.login@4716be8b]" started-at="2023-11-17T06:25:56Z" name="logIn" data-provider="Yash" finished-at="2023-11-17T06:26:04Z" duration-ms="8045" status="PASS">
          <params>
            <param index="0">
              <value>
                <![CDATA[yashwanth@gmail.com]]>
              </value>
            </param>
            <param index="1">
              <value>
                <![CDATA[Yashwanth@123]]>
              </value>
            </param>
          </params>
          <reporter-output>
          </reporter-output>
        </test-method> <!-- logIn -->
        <test-method is-config="true" signature="closebrowser()[pri:0, instance:DataDriven.login@4716be8b]" started-at="2023-11-17T06:26:04Z" name="closebrowser" finished-at="2023-11-17T06:26:06Z" duration-ms="2322" status="PASS">
          <reporter-output>
          </reporter-output>
        </test-method> <!-- closebrowser -->
        <test-method is-config="true" signature="openbrowser(java.lang.String)[pri:0, instance:DataDriven.login@4716be8b]" started-at="2023-11-17T06:26:06Z" name="openbrowser" finished-at="2023-11-17T06:26:10Z" duration-ms="4152" status="PASS">
          <params>
            <param index="0">
              <value>
                <![CDATA[edge]]>
              </value>
            </param>
          </params>
          <reporter-output>
          </reporter-output>
        </test-method> <!-- openbrowser -->
        <test-method signature="logIn(java.lang.String, java.lang.String)[pri:0, instance:DataDriven.login@4716be8b]" started-at="2023-11-17T06:26:10Z" name="logIn" data-provider="Yash" finished-at="2023-11-17T06:26:22Z" duration-ms="12284" status="PASS">
          <params>
            <param index="0">
              <value>
                <![CDATA[karthi@gmail.com]]>
              </value>
            </param>
            <param index="1">
              <value>
                <![CDATA[Karthi@126]]>
              </value>
            </param>
          </params>
          <reporter-output>
          </reporter-output>
        </test-method> <!-- logIn -->
        <test-method is-config="true" signature="closebrowser()[pri:0, instance:DataDriven.login@4716be8b]" started-at="2023-11-17T06:26:22Z" name="closebrowser" finished-at="2023-11-17T06:26:25Z" duration-ms="2401" status="PASS">
          <reporter-output>
          </reporter-output>
        </test-method> <!-- closebrowser -->
        <test-method is-config="true" signature="openbrowser(java.lang.String)[pri:0, instance:DataDriven.login@4716be8b]" started-at="2023-11-17T06:26:25Z" name="openbrowser" finished-at="2023-11-17T06:26:30Z" duration-ms="4759" status="PASS">
          <params>
            <param index="0">
              <value>
                <![CDATA[edge]]>
              </value>
            </param>
          </params>
          <reporter-output>
          </reporter-output>
        </test-method> <!-- openbrowser -->
        <test-method signature="logIn(java.lang.String, java.lang.String)[pri:0, instance:DataDriven.login@4716be8b]" started-at="2023-11-17T06:26:30Z" name="logIn" data-provider="Yash" finished-at="2023-11-17T06:26:37Z" duration-ms="7079" status="PASS">
          <params>
            <param index="0">
              <value>
                <![CDATA[puni@gmail.com]]>
              </value>
            </param>
            <param index="1">
              <value>
                <![CDATA[Puni@123]]>
              </value>
            </param>
          </params>
          <reporter-output>
          </reporter-output>
        </test-method> <!-- logIn -->
        <test-method is-config="true" signature="closebrowser()[pri:0, instance:DataDriven.login@4716be8b]" started-at="2023-11-17T06:26:37Z" name="closebrowser" finished-at="2023-11-17T06:26:39Z" duration-ms="2325" status="PASS">
          <reporter-output>
          </reporter-output>
        </test-method> <!-- closebrowser -->
      </class> <!-- DataDriven.login -->
    </test> <!-- EdgeBrowser -->
  </suite> <!-- Suite -->
</testng-results>
