<?xml version="1.0" encoding="UTF-8"?>
<testng-results ignored="0" total="9" passed="9" failed="0" skipped="0">
  <reporter-output>
  </reporter-output>
  <suite started-at="2023-11-16T12:42:43Z" name="Suite" finished-at="2023-11-16T12:44:04Z" duration-ms="81808">
    <groups>
    </groups>
    <test started-at="2023-11-16T12:42:43Z" name="EdgeBrowser" finished-at="2023-11-16T12:43:42Z" duration-ms="59038">
      <class name="DataDriven.login">
        <test-method is-config="true" signature="openbrowser(java.lang.String)[pri:0, instance:DataDriven.login@4716be8b]" started-at="2023-11-16T12:42:44Z" name="openbrowser" finished-at="2023-11-16T12:42:52Z" duration-ms="8471" status="PASS">
          <params>
            <param index="0">
              <value>
                <![CDATA[edge]]>
              </value>
            </param>
          </params>
          <reporter-output>
          </reporter-output>
        </test-method> <!-- openbrowser -->
        <test-method signature="logIn(java.lang.String, java.lang.String)[pri:0, instance:DataDriven.login@4716be8b]" started-at="2023-11-16T12:42:52Z" name="logIn" data-provider="Yash" finished-at="2023-11-16T12:43:04Z" duration-ms="11440" status="PASS">
          <params>
            <param index="0">
              <value>
                <![CDATA[yashwanth@gmail.com]]>
              </value>
            </param>
            <param index="1">
              <value>
                <![CDATA[Yashwanth@123]]>
              </value>
            </param>
          </params>
          <reporter-output>
          </reporter-output>
        </test-method> <!-- logIn -->
        <test-method is-config="true" signature="closebrowser()[pri:0, instance:DataDriven.login@4716be8b]" started-at="2023-11-16T12:43:04Z" name="closebrowser" finished-at="2023-11-16T12:43:06Z" duration-ms="2366" status="PASS">
          <reporter-output>
          </reporter-output>
        </test-method> <!-- closebrowser -->
        <test-method is-config="true" signature="openbrowser(java.lang.String)[pri:0, instance:DataDriven.login@4716be8b]" started-at="2023-11-16T12:43:06Z" name="openbrowser" finished-at="2023-11-16T12:43:13Z" duration-ms="7143" status="PASS">
          <params>
            <param index="0">
              <value>
                <![CDATA[edge]]>
              </value>
            </param>
          </params>
          <reporter-output>
          </reporter-output>
        </test-method> <!-- openbrowser -->
        <test-method signature="logIn(java.lang.String, java.lang.String)[pri:0, instance:DataDriven.login@4716be8b]" started-at="2023-11-16T12:43:13Z" name="logIn" data-provider="Yash" finished-at="2023-11-16T12:43:26Z" duration-ms="12453" status="PASS">
          <params>
            <param index="0">
              <value>
                <![CDATA[karthi@gmail.com]]>
              </value>
            </param>
            <param index="1">
              <value>
                <![CDATA[Karthi@126]]>
              </value>
            </param>
          </params>
          <reporter-output>
          </reporter-output>
        </test-method> <!-- logIn -->
        <test-method is-config="true" signature="closebrowser()[pri:0, instance:DataDriven.login@4716be8b]" started-at="2023-11-16T12:43:26Z" name="closebrowser" finished-at="2023-11-16T12:43:28Z" duration-ms="2387" status="PASS">
          <reporter-output>
          </reporter-output>
        </test-method> <!-- closebrowser -->
        <test-method is-config="true" signature="openbrowser(java.lang.String)[pri:0, instance:DataDriven.login@4716be8b]" started-at="2023-11-16T12:43:28Z" name="openbrowser" finished-at="2023-11-16T12:43:33Z" duration-ms="4958" status="PASS">
          <params>
            <param index="0">
              <value>
                <![CDATA[edge]]>
              </value>
            </param>
          </params>
          <reporter-output>
          </reporter-output>
        </test-method> <!-- openbrowser -->
        <test-method signature="logIn(java.lang.String, java.lang.String)[pri:0, instance:DataDriven.login@4716be8b]" started-at="2023-11-16T12:43:33Z" name="logIn" data-provider="Yash" finished-at="2023-11-16T12:43:39Z" duration-ms="6133" status="PASS">
          <params>
            <param index="0">
              <value>
                <![CDATA[puni@gmail.com]]>
              </value>
            </param>
            <param index="1">
              <value>
                <![CDATA[Puni@123]]>
              </value>
            </param>
          </params>
          <reporter-output>
          </reporter-output>
        </test-method> <!-- logIn -->
        <test-method is-config="true" signature="closebrowser()[pri:0, instance:DataDriven.login@4716be8b]" started-at="2023-11-16T12:43:39Z" name="closebrowser" finished-at="2023-11-16T12:43:42Z" duration-ms="2281" status="PASS">
          <reporter-output>
          </reporter-output>
        </test-method> <!-- closebrowser -->
      </class> <!-- DataDriven.login -->
    </test> <!-- EdgeBrowser -->
    <test started-at="2023-11-16T12:42:43Z" name="ChromeBrowser" finished-at="2023-11-16T12:43:43Z" duration-ms="60076">
      <class name="DataDriven.login">
        <test-method is-config="true" signature="openbrowser(java.lang.String)[pri:0, instance:DataDriven.login@12359a82]" started-at="2023-11-16T12:42:44Z" name="openbrowser" finished-at="2023-11-16T12:42:52Z" duration-ms="8119" status="PASS">
          <params>
            <param index="0">
              <value>
                <![CDATA[chrome]]>
              </value>
            </param>
          </params>
          <reporter-output>
          </reporter-output>
        </test-method> <!-- openbrowser -->
        <test-method signature="logIn(java.lang.String, java.lang.String)[pri:0, instance:DataDriven.login@12359a82]" started-at="2023-11-16T12:42:52Z" name="logIn" data-provider="Yash" finished-at="2023-11-16T12:43:00Z" duration-ms="7854" status="PASS">
          <params>
            <param index="0">
              <value>
                <![CDATA[yashwanth@gmail.com]]>
              </value>
            </param>
            <param index="1">
              <value>
                <![CDATA[Yashwanth@123]]>
              </value>
            </param>
          </params>
          <reporter-output>
          </reporter-output>
        </test-method> <!-- logIn -->
        <test-method is-config="true" signature="closebrowser()[pri:0, instance:DataDriven.login@12359a82]" started-at="2023-11-16T12:43:00Z" name="closebrowser" finished-at="2023-11-16T12:43:03Z" duration-ms="2585" status="PASS">
          <reporter-output>
          </reporter-output>
        </test-method> <!-- closebrowser -->
        <test-method is-config="true" signature="openbrowser(java.lang.String)[pri:0, instance:DataDriven.login@12359a82]" started-at="2023-11-16T12:43:03Z" name="openbrowser" finished-at="2023-11-16T12:43:09Z" duration-ms="6862" status="PASS">
          <params>
            <param index="0">
              <value>
                <![CDATA[chrome]]>
              </value>
            </param>
          </params>
          <reporter-output>
          </reporter-output>
        </test-method> <!-- openbrowser -->
        <test-method signature="logIn(java.lang.String, java.lang.String)[pri:0, instance:DataDriven.login@12359a82]" started-at="2023-11-16T12:43:09Z" name="logIn" data-provider="Yash" finished-at="2023-11-16T12:43:22Z" duration-ms="12866" status="PASS">
          <params>
            <param index="0">
              <value>
                <![CDATA[karthi@gmail.com]]>
              </value>
            </param>
            <param index="1">
              <value>
                <![CDATA[Karthi@126]]>
              </value>
            </param>
          </params>
          <reporter-output>
          </reporter-output>
        </test-method> <!-- logIn -->
        <test-method is-config="true" signature="closebrowser()[pri:0, instance:DataDriven.login@12359a82]" started-at="2023-11-16T12:43:22Z" name="closebrowser" finished-at="2023-11-16T12:43:25Z" duration-ms="2352" status="PASS">
          <reporter-output>
          </reporter-output>
        </test-method> <!-- closebrowser -->
        <test-method is-config="true" signature="openbrowser(java.lang.String)[pri:0, instance:DataDriven.login@12359a82]" started-at="2023-11-16T12:43:25Z" name="openbrowser" finished-at="2023-11-16T12:43:33Z" duration-ms="8215" status="PASS">
          <params>
            <param index="0">
              <value>
                <![CDATA[chrome]]>
              </value>
            </param>
          </params>
          <reporter-output>
          </reporter-output>
        </test-method> <!-- openbrowser -->
        <test-method signature="logIn(java.lang.String, java.lang.String)[pri:0, instance:DataDriven.login@12359a82]" started-at="2023-11-16T12:43:33Z" name="logIn" data-provider="Yash" finished-at="2023-11-16T12:43:40Z" duration-ms="7558" status="PASS">
          <params>
            <param index="0">
              <value>
                <![CDATA[puni@gmail.com]]>
              </value>
            </param>
            <param index="1">
              <value>
                <![CDATA[Puni@123]]>
              </value>
            </param>
          </params>
          <reporter-output>
          </reporter-output>
        </test-method> <!-- logIn -->
        <test-method is-config="true" signature="closebrowser()[pri:0, instance:DataDriven.login@12359a82]" started-at="2023-11-16T12:43:40Z" name="closebrowser" finished-at="2023-11-16T12:43:43Z" duration-ms="2259" status="PASS">
          <reporter-output>
          </reporter-output>
        </test-method> <!-- closebrowser -->
      </class> <!-- DataDriven.login -->
    </test> <!-- ChromeBrowser -->
    <test started-at="2023-11-16T12:42:43Z" name="FirefoxBrowser" finished-at="2023-11-16T12:44:04Z" duration-ms="81808">
      <class name="DataDriven.login">
        <test-method is-config="true" signature="openbrowser(java.lang.String)[pri:0, instance:DataDriven.login@67545b57]" started-at="2023-11-16T12:42:44Z" name="openbrowser" finished-at="2023-11-16T12:42:58Z" duration-ms="13912" status="PASS">
          <params>
            <param index="0">
              <value>
                <![CDATA[firefox]]>
              </value>
            </param>
          </params>
          <reporter-output>
          </reporter-output>
        </test-method> <!-- openbrowser -->
        <test-method signature="logIn(java.lang.String, java.lang.String)[pri:0, instance:DataDriven.login@67545b57]" started-at="2023-11-16T12:42:58Z" name="logIn" data-provider="Yash" finished-at="2023-11-16T12:43:07Z" duration-ms="9084" status="PASS">
          <params>
            <param index="0">
              <value>
                <![CDATA[yashwanth@gmail.com]]>
              </value>
            </param>
            <param index="1">
              <value>
                <![CDATA[Yashwanth@123]]>
              </value>
            </param>
          </params>
          <reporter-output>
          </reporter-output>
        </test-method> <!-- logIn -->
        <test-method is-config="true" signature="closebrowser()[pri:0, instance:DataDriven.login@67545b57]" started-at="2023-11-16T12:43:07Z" name="closebrowser" finished-at="2023-11-16T12:43:12Z" duration-ms="5403" status="PASS">
          <reporter-output>
          </reporter-output>
        </test-method> <!-- closebrowser -->
        <test-method is-config="true" signature="openbrowser(java.lang.String)[pri:0, instance:DataDriven.login@67545b57]" started-at="2023-11-16T12:43:12Z" name="openbrowser" finished-at="2023-11-16T12:43:24Z" duration-ms="11333" status="PASS">
          <params>
            <param index="0">
              <value>
                <![CDATA[firefox]]>
              </value>
            </param>
          </params>
          <reporter-output>
          </reporter-output>
        </test-method> <!-- openbrowser -->
        <test-method signature="logIn(java.lang.String, java.lang.String)[pri:0, instance:DataDriven.login@67545b57]" started-at="2023-11-16T12:43:24Z" name="logIn" data-provider="Yash" finished-at="2023-11-16T12:43:37Z" duration-ms="12942" status="PASS">
          <params>
            <param index="0">
              <value>
                <![CDATA[karthi@gmail.com]]>
              </value>
            </param>
            <param index="1">
              <value>
                <![CDATA[Karthi@126]]>
              </value>
            </param>
          </params>
          <reporter-output>
          </reporter-output>
        </test-method> <!-- logIn -->
        <test-method is-config="true" signature="closebrowser()[pri:0, instance:DataDriven.login@67545b57]" started-at="2023-11-16T12:43:37Z" name="closebrowser" finished-at="2023-11-16T12:43:41Z" duration-ms="4570" status="PASS">
          <reporter-output>
          </reporter-output>
        </test-method> <!-- closebrowser -->
        <test-method is-config="true" signature="openbrowser(java.lang.String)[pri:0, instance:DataDriven.login@67545b57]" started-at="2023-11-16T12:43:41Z" name="openbrowser" finished-at="2023-11-16T12:43:51Z" duration-ms="9547" status="PASS">
          <params>
            <param index="0">
              <value>
                <![CDATA[firefox]]>
              </value>
            </param>
          </params>
          <reporter-output>
          </reporter-output>
        </test-method> <!-- openbrowser -->
        <test-method signature="logIn(java.lang.String, java.lang.String)[pri:0, instance:DataDriven.login@67545b57]" started-at="2023-11-16T12:43:51Z" name="logIn" data-provider="Yash" finished-at="2023-11-16T12:44:01Z" duration-ms="10013" status="PASS">
          <params>
            <param index="0">
              <value>
                <![CDATA[puni@gmail.com]]>
              </value>
            </param>
            <param index="1">
              <value>
                <![CDATA[Puni@123]]>
              </value>
            </param>
          </params>
          <reporter-output>
          </reporter-output>
        </test-method> <!-- logIn -->
        <test-method is-config="true" signature="closebrowser()[pri:0, instance:DataDriven.login@67545b57]" started-at="2023-11-16T12:44:01Z" name="closebrowser" finished-at="2023-11-16T12:44:04Z" duration-ms="3598" status="PASS">
          <reporter-output>
          </reporter-output>
        </test-method> <!-- closebrowser -->
      </class> <!-- DataDriven.login -->
    </test> <!-- FirefoxBrowser -->
  </suite> <!-- Suite -->
</testng-results>
